<?xml version="1.0" encoding="UTF-8"?><testsuite errors="0" failures="0" name="com.bestbuy.crudtest.StoresCURDTest" skipped="0" tests="4" time="14.03" timestamp="2023-06-04T22:45:03.950+01:00[Europe/London]"><testcase classname="com.bestbuy.crudtest.StoresCURDTest" name="This will create a new store"/><testcase classname="com.bestbuy.crudtest.StoresCURDTest" name="Verify if the Store was created to the store"/><testcase classname="com.bestbuy.crudtest.StoresCURDTest" name="Update the store information and verify the updated store"/><testcase classname="com.bestbuy.crudtest.StoresCURDTest" name="Delete the store and verify if the store is deleted"/></testsuite>