<?xml version="1.0" encoding="UTF-8"?><testsuite errors="0" failures="0" name="com.bestbuy.crudtest.ProductsCRUDTest" skipped="0" tests="4" time="15.99" timestamp="2023-06-04T22:45:48.962+01:00[Europe/London]"><testcase classname="com.bestbuy.crudtest.ProductsCRUDTest" name="This will create a new product"/><testcase classname="com.bestbuy.crudtest.ProductsCRUDTest" name="Verify if the product was created to the application"/><testcase classname="com.bestbuy.crudtest.ProductsCRUDTest" name="update the product information and verify the updated product"/><testcase classname="com.bestbuy.crudtest.ProductsCRUDTest" name="Delete the product and verify if the product is deleted"/></testsuite>